<?xml version="1.0" encoding="UTF-8"?>
<!-- Generated by org.testng.reporters.JUnitXMLReporter -->
<testsuite ignored="0" hostname="ANKUR-MISHRA" failures="0" tests="3" name="Browser Test" time="6.822" errors="0" timestamp="2025-03-28T01:35:35 IST">
  <testcase classname="Testng.ParallelEx4" name="openGoogle" time="2.736"/>
  <testcase classname="Testng.ParallelEx4" name="openHrm" time="2.247"/>
  <testcase classname="Testng.ParallelEx4" name="openUniversity" time="1.832"/>
</testsuite> <!-- Browser Test -->
