<?xml version="1.0" encoding="UTF-8"?>
<!-- Generated by org.testng.reporters.JUnitXMLReporter -->
<testsuite ignored="3" hostname="ANKUR-MISHRA" failures="0" tests="3" name="Test Three" time="0.246" errors="0" timestamp="2025-03-24T14:23:48 IST">
  <testcase classname="Testng.GroupEx1" name="FacultyLogin" time="0.012"/>
  <testcase classname="Testng.GroupEx2" name="ParentLogin" time="0.001"/>
  <testcase classname="Testng.GroupEx3" name="StudentLogin" time="0.001"/>
  <testcase classname="Testng.GroupEx3" name="StudentDetails" time="0.0">
    <ignored/>
  </testcase> <!-- StudentDetails -->
  <testcase classname="Testng.GroupEx1" name="FacultyDetails" time="0.0">
    <ignored/>
  </testcase> <!-- FacultyDetails -->
  <testcase classname="Testng.GroupEx2" name="ParentDetails" time="0.0">
    <ignored/>
  </testcase> <!-- ParentDetails -->
</testsuite> <!-- Test Three -->
